-------------------------------------------------------------------------------
Test set: com.tommydittberner.productservvice.ProductServiceIntegrationTest
-------------------------------------------------------------------------------
Tests run: 1, Failures: 0, Errors: 1, Skipped: 0, Time elapsed: 0.235 s <<< FAILURE! - in com.tommydittberner.productservvice.ProductServiceIntegrationTest
com.tommydittberner.productservvice.ProductServiceIntegrationTest  Time elapsed: 0.234 s  <<< ERROR!
java.lang.IllegalStateException: Could not find a valid Docker environment. Please see logs and check configuration

